# JRE version: Java(TM) SE Runtime Environment (8.0_51-b16) (build 1.8.0_51-b16)
# Java VM: Java HotSpot(TM) 64-Bit Server VM (25.51-b03 mixed mode windows-amd64 compressed oops)
Heap:
 PSYoungGen      total 307200K, used 1733K [0x00000000d6100000, 0x00000000ea100000, 0x0000000100000000)
  eden space 286720K, 0% used [0x00000000d6100000,0x00000000d62b1470,0x00000000e7900000)
  from space 20480K, 0% used [0x00000000e7900000,0x00000000e7900000,0x00000000e8d00000)
  to   space 19968K, 0% used [0x00000000e8d80000,0x00000000e8d80000,0x00000000ea100000)
 ParOldGen       total 129024K, used 29067K [0x0000000082200000, 0x000000008a000000, 0x00000000d6100000)
  object space 129024K, 22% used [0x0000000082200000,0x0000000083e62e28,0x000000008a000000)
 Metaspace       used 63261K, capacity 66592K, committed 66816K, reserved 1107968K
  class space    used 8325K, capacity 8923K, committed 8960K, reserved 1048576K
GC Heap History (10 events):
Event: 2852.004 GC heap before
{Heap before GC invocations=18 (full 3):
 PSYoungGen      total 248320K, used 183372K [0x00000000d6100000, 0x00000000ea200000, 0x0000000100000000)
  eden space 244224K, 73% used [0x00000000d6100000,0x00000000e1093040,0x00000000e4f80000)
  from space 4096K, 87% used [0x00000000e9e00000,0x00000000ea180180,0x00000000ea200000)
  to   space 17920K, 0% used [0x00000000e7f00000,0x00000000e7f00000,0x00000000e9080000)
 ParOldGen       total 129024K, used 34679K [0x0000000082200000, 0x000000008a000000, 0x00000000d6100000)
  object space 129024K, 26% used [0x0000000082200000,0x00000000843ddec0,0x000000008a000000)
 Metaspace       used 62541K, capacity 65682K, committed 65920K, reserved 1105920K
  class space    used 8243K, capacity 8827K, committed 8832K, reserved 1048576K
Event: 2852.009 GC heap after
Heap after GC invocations=18 (full 3):
 PSYoungGen      total 247296K, used 3008K [0x00000000d6100000, 0x00000000e9e80000, 0x0000000100000000)
  eden space 244224K, 0% used [0x00000000d6100000,0x00000000d6100000,0x00000000e4f80000)
  from space 3072K, 97% used [0x00000000e7f00000,0x00000000e81f0080,0x00000000e8200000)
  to   space 17920K, 0% used [0x00000000e8d00000,0x00000000e8d00000,0x00000000e9e80000)
 ParOldGen       total 129024K, used 34687K [0x0000000082200000, 0x000000008a000000, 0x00000000d6100000)
  object space 129024K, 26% used [0x0000000082200000,0x00000000843dfec0,0x000000008a000000)
 Metaspace       used 62541K, capacity 65682K, committed 65920K, reserved 1105920K
  class space    used 8243K, capacity 8827K, committed 8832K, reserved 1048576K
}
Event: 2852.009 GC heap before
{Heap before GC invocations=19 (full 4):
 PSYoungGen      total 247296K, used 3008K [0x00000000d6100000, 0x00000000e9e80000, 0x0000000100000000)
  eden space 244224K, 0% used [0x00000000d6100000,0x00000000d6100000,0x00000000e4f80000)
  from space 3072K, 97% used [0x00000000e7f00000,0x00000000e81f0080,0x00000000e8200000)
  to   space 17920K, 0% used [0x00000000e8d00000,0x00000000e8d00000,0x00000000e9e80000)
 ParOldGen       total 129024K, used 34687K [0x0000000082200000, 0x000000008a000000, 0x00000000d6100000)
  object space 129024K, 26% used [0x0000000082200000,0x00000000843dfec0,0x000000008a000000)
 Metaspace       used 62541K, capacity 65682K, committed 65920K, reserved 1105920K
  class space    used 8243K, capacity 8827K, committed 8832K, reserved 1048576K
Event: 2852.132 GC heap after
Heap after GC invocations=19 (full 4):
 PSYoungGen      total 247296K, used 0K [0x00000000d6100000, 0x00000000e9e80000, 0x0000000100000000)
  eden space 244224K, 0% used [0x00000000d6100000,0x00000000d6100000,0x00000000e4f80000)
  from space 3072K, 0% used [0x00000000e7f00000,0x00000000e7f00000,0x00000000e8200000)
  to   space 17920K, 0% used [0x00000000e8d00000,0x00000000e8d00000,0x00000000e9e80000)
 ParOldGen       total 129024K, used 24654K [0x0000000082200000, 0x000000008a000000, 0x00000000d6100000)
  object space 129024K, 19% used [0x0000000082200000,0x0000000083a138c0,0x000000008a000000)
 Metaspace       used 62125K, capacity 65024K, committed 65920K, reserved 1105920K
  class space    used 8179K, capacity 8710K, committed 8832K, reserved 1048576K
}
Event: 2853.439 GC heap before
{Heap before GC invocations=20 (full 4):
 PSYoungGen      total 247296K, used 244224K [0x00000000d6100000, 0x00000000e9e80000, 0x0000000100000000)
  eden space 244224K, 100% used [0x00000000d6100000,0x00000000e4f80000,0x00000000e4f80000)
  from space 3072K, 0% used [0x00000000e7f00000,0x00000000e7f00000,0x00000000e8200000)
  to   space 17920K, 0% used [0x00000000e8d00000,0x00000000e8d00000,0x00000000e9e80000)
 ParOldGen       total 129024K, used 24654K [0x0000000082200000, 0x000000008a000000, 0x00000000d6100000)
  object space 129024K, 19% used [0x0000000082200000,0x0000000083a138c0,0x000000008a000000)
 Metaspace       used 63088K, capacity 66386K, committed 66560K, reserved 1107968K
  class space    used 8302K, capacity 8877K, committed 8960K, reserved 1048576K
Event: 2853.451 GC heap after
Heap after GC invocations=20 (full 4):
 PSYoungGen      total 304640K, used 17764K [0x00000000d6100000, 0x00000000ea200000, 0x0000000100000000)
  eden space 286720K, 0% used [0x00000000d6100000,0x00000000d6100000,0x00000000e7900000)
  from space 17920K, 99% used [0x00000000e8d00000,0x00000000e9e590f8,0x00000000e9e80000)
  to   space 20480K, 0% used [0x00000000e7900000,0x00000000e7900000,0x00000000e8d00000)
 ParOldGen       total 129024K, used 24662K [0x0000000082200000, 0x000000008a000000, 0x00000000d6100000)
  object space 129024K, 19% used [0x0000000082200000,0x0000000083a158c0,0x000000008a000000)
 Metaspace       used 63088K, capacity 66386K, committed 66560K, reserved 1107968K
  class space    used 8302K, capacity 8877K, committed 8960K, reserved 1048576K
}
Event: 2982.173 GC heap before
{Heap before GC invocations=21 (full 4):
 PSYoungGen      total 304640K, used 98185K [0x00000000d6100000, 0x00000000ea200000, 0x0000000100000000)
  eden space 286720K, 28% used [0x00000000d6100000,0x00000000daf895b8,0x00000000e7900000)
  from space 17920K, 99% used [0x00000000e8d00000,0x00000000e9e590f8,0x00000000e9e80000)
  to   space 20480K, 0% used [0x00000000e7900000,0x00000000e7900000,0x00000000e8d00000)
 ParOldGen       total 129024K, used 24662K [0x0000000082200000, 0x000000008a000000, 0x00000000d6100000)
  object space 129024K, 19% used [0x0000000082200000,0x0000000083a158c0,0x000000008a000000)
 Metaspace       used 63268K, capacity 66604K, committed 66816K, reserved 1107968K
  class space    used 8326K, capacity 8925K, committed 8960K, reserved 1048576K
Event: 2982.182 GC heap after
Heap after GC invocations=21 (full 4):
 PSYoungGen      total 307200K, used 10071K [0x00000000d6100000, 0x00000000ea100000, 0x0000000100000000)
  eden space 286720K, 0% used [0x00000000d6100000,0x00000000d6100000,0x00000000e7900000)
  from space 20480K, 49% used [0x00000000e7900000,0x00000000e82d5de0,0x00000000e8d00000)
  to   space 19968K, 0% used [0x00000000e8d80000,0x00000000e8d80000,0x00000000ea100000)
 ParOldGen       total 129024K, used 24670K [0x0000000082200000, 0x000000008a000000, 0x00000000d6100000)
  object space 129024K, 19% used [0x0000000082200000,0x0000000083a178c0,0x000000008a000000)
 Metaspace       used 63268K, capacity 66604K, committed 66816K, reserved 1107968K
  class space    used 8326K, capacity 8925K, committed 8960K, reserved 1048576K
}
Event: 2982.182 GC heap before
{Heap before GC invocations=22 (full 5):
 PSYoungGen      total 307200K, used 10071K [0x00000000d6100000, 0x00000000ea100000, 0x0000000100000000)
  eden space 286720K, 0% used [0x00000000d6100000,0x00000000d6100000,0x00000000e7900000)
  from space 20480K, 49% used [0x00000000e7900000,0x00000000e82d5de0,0x00000000e8d00000)
  to   space 19968K, 0% used [0x00000000e8d80000,0x00000000e8d80000,0x00000000ea100000)
 ParOldGen       total 129024K, used 24670K [0x0000000082200000, 0x000000008a000000, 0x00000000d6100000)
  object space 129024K, 19% used [0x0000000082200000,0x0000000083a178c0,0x000000008a000000)
 Metaspace       used 63268K, capacity 66604K, committed 66816K, reserved 1107968K
  class space    used 8326K, capacity 8925K, committed 8960K, reserved 1048576K
Event: 2982.328 GC heap after
Heap after GC invocations=22 (full 5):
 PSYoungGen      total 307200K, used 0K [0x00000000d6100000, 0x00000000ea100000, 0x0000000100000000)
  eden space 286720K, 0% used [0x00000000d6100000,0x00000000d6100000,0x00000000e7900000)
  from space 20480K, 0% used [0x00000000e7900000,0x00000000e7900000,0x00000000e8d00000)
  to   space 19968K, 0% used [0x00000000e8d80000,0x00000000e8d80000,0x00000000ea100000)
 ParOldGen       total 129024K, used 29067K [0x0000000082200000, 0x000000008a000000, 0x00000000d6100000)
  object space 129024K, 22% used [0x0000000082200000,0x0000000083e62e28,0x000000008a000000)
 Metaspace       used 63260K, capacity 66592K, committed 66816K, reserved 1107968K
  class space    used 8325K, capacity 8923K, committed 8960K, reserved 1048576K
}

